here() starts at /disks/PROJECT/EpxGDM_TobyAndrew

[36m──[39m [1m[1mColumn specification[1m[22m [36m────────────────────────────────────────────────────────[39m
cols(
  .default = col_double(),
  Sample_ID = [31mcol_character()[39m,
  Sample_Name = [31mcol_character()[39m,
  Project = [31mcol_character()[39m,
  Sample_Plate = [31mcol_character()[39m,
  Sample_Well = [31mcol_character()[39m,
  Sentrix_Position = [31mcol_character()[39m,
  Replicate = [31mcol_character()[39m,
  Sample_IID = [31mcol_character()[39m,
  status = [31mcol_character()[39m,
  cohort = [31mcol_character()[39m,
  Array = [31mcol_character()[39m,
  Basename = [31mcol_character()[39m,
  filenames = [31mcol_character()[39m,
  qc_gender_discrepancy = [33mcol_logical()[39m
)
[36mℹ[39m Use [30m[47m[30m[47m`spec()`[47m[30m[49m[39m for the full column specifications.

`summarise()` ungrouping output (override with `.groups` argument)
Setting options('download.file.method.GEOquery'='auto')
Setting options('GEOquery.inmemory.gpl'=FALSE)
Your contrast returned 806430 individually significant probes. We recommend the default setting of pcutoff in dmrcate().
Fitting chr1...
Fitting chr2...
Fitting chr3...
Fitting chr4...
Fitting chr5...
Fitting chr6...
Fitting chr7...
Fitting chr8...
Fitting chr9...
Fitting chr10...
Fitting chr11...
Fitting chr12...
Fitting chr13...
Fitting chr14...
Fitting chr15...
Fitting chr16...
Fitting chr17...
Fitting chr18...
Fitting chr19...
Fitting chr20...
Fitting chr21...
Fitting chr22...
Demarcating regions...
Done!
using temporary cache /tmp/RtmpkB8yXs/BiocFileCache
snapshotDate(): 2020-04-27
see ?DMRcatedata and browseVignettes('DMRcatedata') for documentation
downloading 1 resources
retrieving 1 resource
loading from cache
Your contrast returned 806430 individually significant probes. We recommend the default setting of pcutoff in dmrcate().
Fitting chr1...
Fitting chr2...
Fitting chr3...
Fitting chr4...
Fitting chr5...
Fitting chr6...
Fitting chr7...
Fitting chr8...
Fitting chr9...
Fitting chr10...
Fitting chr11...
Fitting chr12...
Fitting chr13...
Fitting chr14...
Fitting chr15...
Fitting chr16...
Fitting chr17...
Fitting chr18...
Fitting chr19...
Fitting chr20...
Fitting chr21...
Fitting chr22...
Demarcating regions...
Done!
snapshotDate(): 2020-04-27
see ?DMRcatedata and browseVignettes('DMRcatedata') for documentation
loading from cache
Scale for 'colour' is already present. Adding another scale for 'colour',
which will replace the existing scale.
Scale for 'colour' is already present. Adding another scale for 'colour',
which will replace the existing scale.
Your contrast returned 806430 individually significant probes. We recommend the default setting of pcutoff in dmrcate().
Fitting chr1...
Fitting chr2...
Fitting chr3...
Fitting chr4...
Fitting chr5...
Fitting chr6...
Fitting chr7...
Fitting chr8...
Fitting chr9...
Fitting chr10...
Fitting chr11...
Fitting chr12...
Fitting chr13...
Fitting chr14...
Fitting chr15...
Fitting chr16...
Fitting chr17...
Fitting chr18...
Fitting chr19...
Fitting chr20...
Fitting chr21...
Fitting chr22...
Demarcating regions...
Done!
snapshotDate(): 2020-04-27
see ?DMRcatedata and browseVignettes('DMRcatedata') for documentation
loading from cache
Your contrast returned 806430 individually significant probes. We recommend the default setting of pcutoff in dmrcate().
Fitting chr1...
Fitting chr2...
Fitting chr3...
Fitting chr4...
Fitting chr5...
Fitting chr6...
Fitting chr7...
Fitting chr8...
Fitting chr9...
Fitting chr10...
Fitting chr11...
Fitting chr12...
Fitting chr13...
Fitting chr14...
Fitting chr15...
Fitting chr16...
Fitting chr17...
Fitting chr18...
Fitting chr19...
Fitting chr20...
Fitting chr21...
Fitting chr22...
Demarcating regions...
Done!
snapshotDate(): 2020-04-27
see ?DMRcatedata and browseVignettes('DMRcatedata') for documentation
loading from cache
Scale for 'colour' is already present. Adding another scale for 'colour',
which will replace the existing scale.
Scale for 'colour' is already present. Adding another scale for 'colour',
which will replace the existing scale.
Warning messages:
1: Problem with `mutate()` input `dmr`.
[34mℹ[39m replacing previous import 'minfi::getMeth' by 'bsseq::getMeth' when loading 'DMRcate'
[34mℹ[39m Input `dmr` is `pmap(...)`. 
2: replacing previous import 'minfi::getMeth' by 'bsseq::getMeth' when loading 'DMRcate' 
3: The `path` argument of `write_rds()` is deprecated as of readr 1.4.0.
Please use the `file` argument instead.
[90mThis warning is displayed once every 8 hours.[39m
[90mCall `lifecycle::last_warnings()` to see where this warning was generated.[39m 
4: The `path` argument of `write_csv()` is deprecated as of readr 1.4.0.
Please use the `file` argument instead.
[90mThis warning is displayed once every 8 hours.[39m
[90mCall `lifecycle::last_warnings()` to see where this warning was generated.[39m 
  adding: EpxGDM_EWAS_DMP_SNPs_GDM_mothers_ALL.png (deflated 9%)
  adding: EpxGDM_EWAS_DMP_SNPs_GDM_mothers_simple_cell.csv.gz (deflated 0%)
  adding: EpxGDM_EWAS_DMP_SNPs_GDM_mothers_simple_cell.png (deflated 4%)
  adding: EpxGDM_EWAS_DMP_SNPs_GDM_mothers_simple.csv.gz (deflated 0%)
  adding: EpxGDM_EWAS_DMP_SNPs_GDM_mothers_simple.png (deflated 4%)
  adding: EpxGDM_EWAS_DMP_SNPs_GDM_offsprings_ALL.png (deflated 10%)
  adding: EpxGDM_EWAS_DMP_SNPs_GDM_offsprings_simple_cell.csv.gz (deflated 0%)
  adding: EpxGDM_EWAS_DMP_SNPs_GDM_offsprings_simple_cell.png (deflated 4%)
  adding: EpxGDM_EWAS_DMP_SNPs_GDM_offsprings_simple.csv.gz (deflated 0%)
  adding: EpxGDM_EWAS_DMP_SNPs_GDM_offsprings_simple.png (deflated 4%)
  adding: EpxGDM_EWAS_DMR_SNPs_GDM_mothers_simple_cell.csv.gz (deflated 0%)
  adding: EpxGDM_EWAS_DMR_SNPs_GDM_mothers_simple.csv.gz (deflated 0%)
  adding: EpxGDM_EWAS_DMR_SNPs_GDM_offsprings_simple_cell.csv.gz (deflated 0%)
  adding: EpxGDM_EWAS_DMR_SNPs_GDM_offsprings_simple.csv.gz (deflated 0%)
  adding: EpxGDM_EWAS_SNPs_summary.html (deflated 88%)
/disks/PROJECT/EpxGDM_TobyAndrew/outputs/08-ewas_finngedi_snps/20201119_EpxGDM_EWAS_SNPs_GDM.zip: 296 MB in 3 s = 88330 kB/s        
