here() starts at /disks/PROJECT/EpxGDM_TobyAndrew
Warning message:
replacing previous import 'minfi::getMeth' by 'bsseq::getMeth' when loading 'DMRcate' 

[36m──[39m [1m[1mColumn specification[1m[22m [36m────────────────────────────────────────────────────────[39m
cols(
  .default = col_double(),
  Sample_ID = [31mcol_character()[39m,
  Sample_Name = [31mcol_character()[39m,
  Project = [31mcol_character()[39m,
  Sample_Plate = [31mcol_character()[39m,
  Sample_Well = [31mcol_character()[39m,
  Sentrix_Position = [31mcol_character()[39m,
  Replicate = [31mcol_character()[39m,
  Sample_IID = [31mcol_character()[39m,
  status = [31mcol_character()[39m,
  cohort = [31mcol_character()[39m,
  Array = [31mcol_character()[39m,
  Basename = [31mcol_character()[39m,
  filenames = [31mcol_character()[39m,
  qc_gender_discrepancy = [33mcol_logical()[39m
)
[36mℹ[39m Use [30m[47m[30m[47m`spec()`[47m[30m[49m[39m for the full column specifications.

`summarise()` ungrouping output (override with `.groups` argument)
Fitting chr20...
Fitting chr9...
Fitting chr17...
Fitting chr13...
Fitting chr12...
Fitting chr19...
Fitting chr5...
Fitting chr2...
Fitting chr7...
Fitting chr6...
Fitting chr1...
Fitting chr4...
Fitting chr11...
Fitting chr21...
Fitting chr15...
Fitting chr14...
Fitting chr10...
Fitting chr22...
Fitting chr16...
Fitting chr3...
Fitting chr8...
Fitting chr18...
Demarcating regions...
Done!
using temporary cache /tmp/RtmpDbqj04/BiocFileCache
snapshotDate(): 2020-04-27
see ?DMRcatedata and browseVignettes('DMRcatedata') for documentation
downloading 1 resources
retrieving 1 resource
loading from cache
Fitting chr20...
Fitting chr9...
Fitting chr17...
Fitting chr13...
Fitting chr12...
Fitting chr19...
Fitting chr5...
Fitting chr2...
Fitting chr7...
Fitting chr6...
Fitting chr1...
Fitting chr4...
Fitting chr11...
Fitting chr21...
Fitting chr15...
Fitting chr14...
Fitting chr10...
Fitting chr22...
Fitting chr16...
Fitting chr3...
Fitting chr8...
Fitting chr18...
Demarcating regions...
Done!
snapshotDate(): 2020-04-27
see ?DMRcatedata and browseVignettes('DMRcatedata') for documentation
loading from cache
Scale for 'colour' is already present. Adding another scale for 'colour',
which will replace the existing scale.
Scale for 'colour' is already present. Adding another scale for 'colour',
which will replace the existing scale.
Scale for 'colour' is already present. Adding another scale for 'colour',
which will replace the existing scale.
Scale for 'colour' is already present. Adding another scale for 'colour',
which will replace the existing scale.
  adding: EpxGDM_EWAS_DMP_GDM_mothers_offsprings_ALL.png (deflated 9%)
  adding: EpxGDM_EWAS_DMP_GDM_mothers_offsprings_simple_cell_GDM.png (deflated 6%)
  adding: EpxGDM_EWAS_DMP_GDM_mothers_offsprings_simple_cell_MothersGDM.png (deflated 5%)
  adding: EpxGDM_EWAS_DMP_GDM_mothers_offsprings_simple_cell.csv.gz (deflated 0%)
  adding: EpxGDM_EWAS_DMP_GDM_mothers_offsprings_simple_GDM.png (deflated 6%)
  adding: EpxGDM_EWAS_DMP_GDM_mothers_offsprings_simple_MothersGDM.png (deflated 6%)
  adding: EpxGDM_EWAS_DMP_GDM_mothers_offsprings_simple.csv.gz (deflated 0%)
  adding: EpxGDM_EWAS_DMR_GDM_mothers_offsprings_simple_cell.csv.gz (deflated 0%)
  adding: EpxGDM_EWAS_DMR_GDM_mothers_offsprings_simple.csv.gz (deflated 0%)
  adding: EpxGDM_EWAS_summary_mothers_offsprings.html (deflated 88%)
/disks/PROJECT/EpxGDM_TobyAndrew/outputs/09-ewas_finngedi_h/20201119_EpxGDM_EWAS_HERITABILITY_GDM.zip: 208 MB in 3 s = 70806 kB/s        
