here() starts at /disks/PROJECT/EpxGDM_TobyAndrew
There was an error in 'add_p()' for variable 'DNAduo', p-value omitted:
Error in stats::fisher.test(data[[variable]], as.factor(data[[by]])): 'x' and 'y' must have at least 2 levels
There was an error in 'add_p()' for variable 'GDMwk', p-value omitted:
Error in t.test.formula(data[[variable]] ~ as.factor(data[[by]])): grouping factor must have exactly 2 levels
There was an error in 'add_p()' for variable 'GDMpharmacologytreated', p-value omitted:
Error in stats::fisher.test(data[[variable]], as.factor(data[[by]])): 'x' and 'y' must have at least 2 levels
There was an error in 'add_p()' for variable 'gluc0hfirstabn', p-value omitted:
Error in t.test.formula(data[[variable]] ~ as.factor(data[[by]])): grouping factor must have exactly 2 levels
There was an error in 'add_p()' for variable 'gluc1hfirstabn', p-value omitted:
Error in t.test.formula(data[[variable]] ~ as.factor(data[[by]])): grouping factor must have exactly 2 levels
There was an error in 'add_p()' for variable 'gluc2hfirstabn', p-value omitted:
Error in t.test.formula(data[[variable]] ~ as.factor(data[[by]])): grouping factor must have exactly 2 levels
There was an error in 'add_p()' for variable 'gluc0hCtrl24wk', p-value omitted:
Error in t.test.formula(data[[variable]] ~ as.factor(data[[by]])): grouping factor must have exactly 2 levels
There was an error in 'add_p()' for variable 'gluc1hCtrl24wk', p-value omitted:
Error in t.test.formula(data[[variable]] ~ as.factor(data[[by]])): grouping factor must have exactly 2 levels
There was an error in 'add_p()' for variable 'gluc2hCtrl24wk', p-value omitted:
Error in t.test.formula(data[[variable]] ~ as.factor(data[[by]])): grouping factor must have exactly 2 levels
There was an error in 'add_p()' for variable 'dgkotiseuranta', p-value omitted:
Error in stats::fisher.test(data[[variable]], as.factor(data[[by]])): 'x' and 'y' must have at least 2 levels
[1mRows:[22m 724,671
[1mColumns:[22m 1,243
[1mDelimiter:[22m ","
[31mchr[39m [   1]: cpg_id
[32mdbl[39m [1242]: 3116c, 3116m, 4179m, 4179c, 4132m, 4132c, 4224c, 4224m, 447c, 447m, 4312m, 4312c, ...

[90mUse `spec()` to retrieve the guessed column specification[39m
[90mPass a specification to the `col_types` argument to quiet this message[39m
`summarise()` ungrouping output (override with `.groups` argument)
Warning message:
HTML tags found, and they will be removed.
 * set `options(gt.html_tag_check = FALSE)` to disable this check 
trying URL 'https://storage.googleapis.com/gtex_analysis_v8/rna_seq_data/GTEx_Analysis_2017-06-05_v8_RNASeQCv1.1.9_gene_median_tpm.gct.gz'
Content type 'application/octet-stream' length 6952331 bytes (6.6 MB)
==================================================
downloaded 6.6 MB

Success!
